This is pdfTeX, Version 3.14159265-2.6-1.40.19 (TeX Live 2018) (preloaded format=pdflatex 2018.11.26)  16 AUG 2019 13:14
entering extended mode
 restricted \write18 enabled.
 %&-line parsing enabled.
**paper_draft1.tex
(./paper_draft1.tex
LaTeX2e <2018-04-01> patch level 2
Babel <3.18> and hyphenation patterns for 84 language(s) loaded.
(/usr/local/texlive/2018/texmf-dist/tex/latex/base/article.cls
Document Class: article 2014/09/29 v1.4h Standard LaTeX document class
(/usr/local/texlive/2018/texmf-dist/tex/latex/base/size12.clo
File: size12.clo 2014/09/29 v1.4h Standard LaTeX file (size option)
)
\c@part=\count80
\c@section=\count81
\c@subsection=\count82
\c@subsubsection=\count83
\c@paragraph=\count84
\c@subparagraph=\count85
\c@figure=\count86
\c@table=\count87
\abovecaptionskip=\skip41
\belowcaptionskip=\skip42
\bibindent=\dimen102
)
(/usr/local/texlive/2018/texmf-dist/tex/latex/amsmath/amsmath.sty
Package: amsmath 2017/09/02 v2.17a AMS math features
\@mathmargin=\skip43

For additional information on amsmath, use the `?' option.
(/usr/local/texlive/2018/texmf-dist/tex/latex/amsmath/amstext.sty
Package: amstext 2000/06/29 v2.01 AMS text

(/usr/local/texlive/2018/texmf-dist/tex/latex/amsmath/amsgen.sty
File: amsgen.sty 1999/11/30 v2.0 generic functions
\@emptytoks=\toks14
\ex@=\dimen103
))
(/usr/local/texlive/2018/texmf-dist/tex/latex/amsmath/amsbsy.sty
Package: amsbsy 1999/11/29 v1.2d Bold Symbols
\pmbraise@=\dimen104
)
(/usr/local/texlive/2018/texmf-dist/tex/latex/amsmath/amsopn.sty
Package: amsopn 2016/03/08 v2.02 operator names
)
\inf@bad=\count88
LaTeX Info: Redefining \frac on input line 213.
\uproot@=\count89
\leftroot@=\count90
LaTeX Info: Redefining \overline on input line 375.
\classnum@=\count91
\DOTSCASE@=\count92
LaTeX Info: Redefining \ldots on input line 472.
LaTeX Info: Redefining \dots on input line 475.
LaTeX Info: Redefining \cdots on input line 596.
\Mathstrutbox@=\box26
\strutbox@=\box27
\big@size=\dimen105
LaTeX Font Info:    Redeclaring font encoding OML on input line 712.
LaTeX Font Info:    Redeclaring font encoding OMS on input line 713.
\macc@depth=\count93
\c@MaxMatrixCols=\count94
\dotsspace@=\muskip10
\c@parentequation=\count95
\dspbrk@lvl=\count96
\tag@help=\toks15
\row@=\count97
\column@=\count98
\maxfields@=\count99
\andhelp@=\toks16
\eqnshift@=\dimen106
\alignsep@=\dimen107
\tagshift@=\dimen108
\tagwidth@=\dimen109
\totwidth@=\dimen110
\lineht@=\dimen111
\@envbody=\toks17
\multlinegap=\skip44
\multlinetaggap=\skip45
\mathdisplay@stack=\toks18
LaTeX Info: Redefining \[ on input line 2817.
LaTeX Info: Redefining \] on input line 2818.
)
(/usr/local/texlive/2018/texmf-dist/tex/latex/amsfonts/amssymb.sty
Package: amssymb 2013/01/14 v3.01 AMS font symbols

(/usr/local/texlive/2018/texmf-dist/tex/latex/amsfonts/amsfonts.sty
Package: amsfonts 2013/01/14 v3.01 Basic AMSFonts support
\symAMSa=\mathgroup4
\symAMSb=\mathgroup5
LaTeX Font Info:    Overwriting math alphabet `\mathfrak' in version `bold'
(Font)                  U/euf/m/n --> U/euf/b/n on input line 106.
))
(/usr/local/texlive/2018/texmf-dist/tex/latex/jknapltx/mathrsfs.sty
Package: mathrsfs 1996/01/01 Math RSFS package v1.0 (jk)
\symrsfs=\mathgroup6
)
(/usr/local/texlive/2018/texmf-dist/tex/latex/amscls/amsthm.sty
Package: amsthm 2017/10/31 v2.20.4
\thm@style=\toks19
\thm@bodyfont=\toks20
\thm@headfont=\toks21
\thm@notefont=\toks22
\thm@headpunct=\toks23
\thm@preskip=\skip46
\thm@postskip=\skip47
\thm@headsep=\skip48
\dth@everypar=\toks24
)
(/usr/local/texlive/2018/texmf-dist/tex/latex/graphics/graphicx.sty
Package: graphicx 2017/06/01 v1.1a Enhanced LaTeX Graphics (DPC,SPQR)

(/usr/local/texlive/2018/texmf-dist/tex/latex/graphics/keyval.sty
Package: keyval 2014/10/28 v1.15 key=value parser (DPC)
\KV@toks@=\toks25
)
(/usr/local/texlive/2018/texmf-dist/tex/latex/graphics/graphics.sty
Package: graphics 2017/06/25 v1.2c Standard LaTeX Graphics (DPC,SPQR)

(/usr/local/texlive/2018/texmf-dist/tex/latex/graphics/trig.sty
Package: trig 2016/01/03 v1.10 sin cos tan (DPC)
)
(/usr/local/texlive/2018/texmf-dist/tex/latex/graphics-cfg/graphics.cfg
File: graphics.cfg 2016/06/04 v1.11 sample graphics configuration
)
Package graphics Info: Driver file: pdftex.def on input line 99.

(/usr/local/texlive/2018/texmf-dist/tex/latex/graphics-def/pdftex.def
File: pdftex.def 2018/01/08 v1.0l Graphics/color driver for pdftex
))
\Gin@req@height=\dimen112
\Gin@req@width=\dimen113
)
(/usr/local/texlive/2018/texmf-dist/tex/latex/base/fontenc.sty
Package: fontenc 2017/04/05 v2.0i Standard LaTeX package

(/usr/local/texlive/2018/texmf-dist/tex/latex/base/t1enc.def
File: t1enc.def 2017/04/05 v2.0i Standard LaTeX file
LaTeX Font Info:    Redeclaring font encoding T1 on input line 48.
))
(/usr/local/texlive/2018/texmf-dist/tex/latex/base/inputenc.sty
Package: inputenc 2018/04/06 v1.3b Input encoding file
\inpenc@prehook=\toks26
\inpenc@posthook=\toks27

(/usr/local/texlive/2018/texmf-dist/tex/latex/base/latin9.def
File: latin9.def 2018/04/06 v1.3b Input encoding file
))
(/usr/local/texlive/2018/texmf-dist/tex/latex/base/textcomp.sty
Package: textcomp 2017/04/05 v2.0i Standard LaTeX package
Package textcomp Info: Sub-encoding information:
(textcomp)               5 = only ISO-Adobe without \textcurrency
(textcomp)               4 = 5 + \texteuro
(textcomp)               3 = 4 + \textohm
(textcomp)               2 = 3 + \textestimated + \textcurrency
(textcomp)               1 = TS1 - \textcircled - \t
(textcomp)               0 = TS1 (full)
(textcomp)             Font families with sub-encoding setting implement
(textcomp)             only a restricted character set as indicated.
(textcomp)             Family '?' is the default used for unknown fonts.
(textcomp)             See the documentation for details.
Package textcomp Info: Setting ? sub-encoding to TS1/1 on input line 79.

(/usr/local/texlive/2018/texmf-dist/tex/latex/base/ts1enc.def
File: ts1enc.def 2001/06/05 v3.0e (jk/car/fm) Standard LaTeX file
Now handling font encoding TS1 ...
... processing UTF-8 mapping file for font encoding TS1

(/usr/local/texlive/2018/texmf-dist/tex/latex/base/ts1enc.dfu
File: ts1enc.dfu 2018/04/05 v1.2c UTF-8 support for inputenc
   defining Unicode char U+00A2 (decimal 162)
   defining Unicode char U+00A3 (decimal 163)
   defining Unicode char U+00A4 (decimal 164)
   defining Unicode char U+00A5 (decimal 165)
   defining Unicode char U+00A6 (decimal 166)
   defining Unicode char U+00A7 (decimal 167)
   defining Unicode char U+00A8 (decimal 168)
   defining Unicode char U+00A9 (decimal 169)
   defining Unicode char U+00AA (decimal 170)
   defining Unicode char U+00AC (decimal 172)
   defining Unicode char U+00AE (decimal 174)
   defining Unicode char U+00AF (decimal 175)
   defining Unicode char U+00B0 (decimal 176)
   defining Unicode char U+00B1 (decimal 177)
   defining Unicode char U+00B2 (decimal 178)
   defining Unicode char U+00B3 (decimal 179)
   defining Unicode char U+00B4 (decimal 180)
   defining Unicode char U+00B5 (decimal 181)
   defining Unicode char U+00B6 (decimal 182)
   defining Unicode char U+00B7 (decimal 183)
   defining Unicode char U+00B9 (decimal 185)
   defining Unicode char U+00BA (decimal 186)
   defining Unicode char U+00BC (decimal 188)
   defining Unicode char U+00BD (decimal 189)
   defining Unicode char U+00BE (decimal 190)
   defining Unicode char U+00D7 (decimal 215)
   defining Unicode char U+00F7 (decimal 247)
   defining Unicode char U+0192 (decimal 402)
   defining Unicode char U+02C7 (decimal 711)
   defining Unicode char U+02D8 (decimal 728)
   defining Unicode char U+02DD (decimal 733)
   defining Unicode char U+0E3F (decimal 3647)
   defining Unicode char U+2016 (decimal 8214)
   defining Unicode char U+2020 (decimal 8224)
   defining Unicode char U+2021 (decimal 8225)
   defining Unicode char U+2022 (decimal 8226)
   defining Unicode char U+2030 (decimal 8240)
   defining Unicode char U+2031 (decimal 8241)
   defining Unicode char U+203B (decimal 8251)
   defining Unicode char U+203D (decimal 8253)
   defining Unicode char U+2044 (decimal 8260)
   defining Unicode char U+204E (decimal 8270)
   defining Unicode char U+2052 (decimal 8274)
   defining Unicode char U+20A1 (decimal 8353)
   defining Unicode char U+20A4 (decimal 8356)
   defining Unicode char U+20A6 (decimal 8358)
   defining Unicode char U+20A9 (decimal 8361)
   defining Unicode char U+20AB (decimal 8363)
   defining Unicode char U+20AC (decimal 8364)
   defining Unicode char U+20B1 (decimal 8369)
   defining Unicode char U+2103 (decimal 8451)
   defining Unicode char U+2116 (decimal 8470)
   defining Unicode char U+2117 (decimal 8471)
   defining Unicode char U+211E (decimal 8478)
   defining Unicode char U+2120 (decimal 8480)
   defining Unicode char U+2122 (decimal 8482)
   defining Unicode char U+2126 (decimal 8486)
   defining Unicode char U+2127 (decimal 8487)
   defining Unicode char U+212E (decimal 8494)
   defining Unicode char U+2190 (decimal 8592)
   defining Unicode char U+2191 (decimal 8593)
   defining Unicode char U+2192 (decimal 8594)
   defining Unicode char U+2193 (decimal 8595)
   defining Unicode char U+2329 (decimal 9001)
   defining Unicode char U+232A (decimal 9002)
   defining Unicode char U+2422 (decimal 9250)
   defining Unicode char U+25E6 (decimal 9702)
   defining Unicode char U+25EF (decimal 9711)
   defining Unicode char U+266A (decimal 9834)
   defining Unicode char U+FEFF (decimal 65279)
))
LaTeX Info: Redefining \oldstylenums on input line 334.
Package textcomp Info: Setting cmr sub-encoding to TS1/0 on input line 349.
Package textcomp Info: Setting cmss sub-encoding to TS1/0 on input line 350.
Package textcomp Info: Setting cmtt sub-encoding to TS1/0 on input line 351.
Package textcomp Info: Setting cmvtt sub-encoding to TS1/0 on input line 352.
Package textcomp Info: Setting cmbr sub-encoding to TS1/0 on input line 353.
Package textcomp Info: Setting cmtl sub-encoding to TS1/0 on input line 354.
Package textcomp Info: Setting ccr sub-encoding to TS1/0 on input line 355.
Package textcomp Info: Setting ptm sub-encoding to TS1/4 on input line 356.
Package textcomp Info: Setting pcr sub-encoding to TS1/4 on input line 357.
Package textcomp Info: Setting phv sub-encoding to TS1/4 on input line 358.
Package textcomp Info: Setting ppl sub-encoding to TS1/3 on input line 359.
Package textcomp Info: Setting pag sub-encoding to TS1/4 on input line 360.
Package textcomp Info: Setting pbk sub-encoding to TS1/4 on input line 361.
Package textcomp Info: Setting pnc sub-encoding to TS1/4 on input line 362.
Package textcomp Info: Setting pzc sub-encoding to TS1/4 on input line 363.
Package textcomp Info: Setting bch sub-encoding to TS1/4 on input line 364.
Package textcomp Info: Setting put sub-encoding to TS1/5 on input line 365.
Package textcomp Info: Setting uag sub-encoding to TS1/5 on input line 366.
Package textcomp Info: Setting ugq sub-encoding to TS1/5 on input line 367.
Package textcomp Info: Setting ul8 sub-encoding to TS1/4 on input line 368.
Package textcomp Info: Setting ul9 sub-encoding to TS1/4 on input line 369.
Package textcomp Info: Setting augie sub-encoding to TS1/5 on input line 370.
Package textcomp Info: Setting dayrom sub-encoding to TS1/3 on input line 371.
Package textcomp Info: Setting dayroms sub-encoding to TS1/3 on input line 372.

Package textcomp Info: Setting pxr sub-encoding to TS1/0 on input line 373.
Package textcomp Info: Setting pxss sub-encoding to TS1/0 on input line 374.
Package textcomp Info: Setting pxtt sub-encoding to TS1/0 on input line 375.
Package textcomp Info: Setting txr sub-encoding to TS1/0 on input line 376.
Package textcomp Info: Setting txss sub-encoding to TS1/0 on input line 377.
Package textcomp Info: Setting txtt sub-encoding to TS1/0 on input line 378.
Package textcomp Info: Setting lmr sub-encoding to TS1/0 on input line 379.
Package textcomp Info: Setting lmdh sub-encoding to TS1/0 on input line 380.
Package textcomp Info: Setting lmss sub-encoding to TS1/0 on input line 381.
Package textcomp Info: Setting lmssq sub-encoding to TS1/0 on input line 382.
Package textcomp Info: Setting lmvtt sub-encoding to TS1/0 on input line 383.
Package textcomp Info: Setting lmtt sub-encoding to TS1/0 on input line 384.
Package textcomp Info: Setting qhv sub-encoding to TS1/0 on input line 385.
Package textcomp Info: Setting qag sub-encoding to TS1/0 on input line 386.
Package textcomp Info: Setting qbk sub-encoding to TS1/0 on input line 387.
Package textcomp Info: Setting qcr sub-encoding to TS1/0 on input line 388.
Package textcomp Info: Setting qcs sub-encoding to TS1/0 on input line 389.
Package textcomp Info: Setting qpl sub-encoding to TS1/0 on input line 390.
Package textcomp Info: Setting qtm sub-encoding to TS1/0 on input line 391.
Package textcomp Info: Setting qzc sub-encoding to TS1/0 on input line 392.
Package textcomp Info: Setting qhvc sub-encoding to TS1/0 on input line 393.
Package textcomp Info: Setting futs sub-encoding to TS1/4 on input line 394.
Package textcomp Info: Setting futx sub-encoding to TS1/4 on input line 395.
Package textcomp Info: Setting futj sub-encoding to TS1/4 on input line 396.
Package textcomp Info: Setting hlh sub-encoding to TS1/3 on input line 397.
Package textcomp Info: Setting hls sub-encoding to TS1/3 on input line 398.
Package textcomp Info: Setting hlst sub-encoding to TS1/3 on input line 399.
Package textcomp Info: Setting hlct sub-encoding to TS1/5 on input line 400.
Package textcomp Info: Setting hlx sub-encoding to TS1/5 on input line 401.
Package textcomp Info: Setting hlce sub-encoding to TS1/5 on input line 402.
Package textcomp Info: Setting hlcn sub-encoding to TS1/5 on input line 403.
Package textcomp Info: Setting hlcw sub-encoding to TS1/5 on input line 404.
Package textcomp Info: Setting hlcf sub-encoding to TS1/5 on input line 405.
Package textcomp Info: Setting pplx sub-encoding to TS1/3 on input line 406.
Package textcomp Info: Setting pplj sub-encoding to TS1/3 on input line 407.
Package textcomp Info: Setting ptmx sub-encoding to TS1/4 on input line 408.
Package textcomp Info: Setting ptmj sub-encoding to TS1/4 on input line 409.
)
(/usr/local/texlive/2018/texmf-dist/tex/latex/listings/listings.sty
\lst@mode=\count100
\lst@gtempboxa=\box28
\lst@token=\toks28
\lst@length=\count101
\lst@currlwidth=\dimen114
\lst@column=\count102
\lst@pos=\count103
\lst@lostspace=\dimen115
\lst@width=\dimen116
\lst@newlines=\count104
\lst@lineno=\count105
\lst@maxwidth=\dimen117

(/usr/local/texlive/2018/texmf-dist/tex/latex/listings/lstmisc.sty
File: lstmisc.sty 2015/06/04 1.6 (Carsten Heinz)
\c@lstnumber=\count106
\lst@skipnumbers=\count107
\lst@framebox=\box29
)
(/usr/local/texlive/2018/texmf-dist/tex/latex/listings/listings.cfg
File: listings.cfg 2015/06/04 1.6 listings configuration
))
Package: listings 2015/06/04 1.6 (Carsten Heinz)

(/usr/local/texlive/2018/texmf-dist/tex/generic/xypic/xy.sty
(/usr/local/texlive/2018/texmf-dist/tex/generic/xypic/xy.tex Bootstrap'ing:
catcodes, docmode,
(/usr/local/texlive/2018/texmf-dist/tex/generic/xypic/xyrecat.tex)
(/usr/local/texlive/2018/texmf-dist/tex/generic/xypic/xyidioms.tex)

 Xy-pic version 3.8.9 <2013/10/06>
 Copyright (c) 1991-2013 by Kristoffer H. Rose <krisrose@tug.org> and others
 Xy-pic is free software: see the User's Guide for details.

Loading kernel: messages; fonts; allocations: state,
\X@c=\dimen118
\Y@c=\dimen119
\U@c=\dimen120
\D@c=\dimen121
\L@c=\dimen122
\R@c=\dimen123
\Edge@c=\toks29
\X@p=\dimen124
\Y@p=\dimen125
\U@p=\dimen126
\D@p=\dimen127
\L@p=\dimen128
\R@p=\dimen129
\Edge@p=\toks30
\X@origin=\dimen130
\Y@origin=\dimen131
\X@xbase=\dimen132
\Y@xbase=\dimen133
\X@ybase=\dimen134
\Y@ybase=\dimen135
\X@min=\dimen136
\Y@min=\dimen137
\X@max=\dimen138
\Y@max=\dimen139
\lastobjectbox@=\box30
\zerodotbox@=\box31
\almostz@=\dimen140
 direction,
\d@X=\dimen141
\d@Y=\dimen142
\K@=\count108
\KK@=\count109
\Direction=\count110
\K@dXdY=\dimen143
\K@dYdX=\dimen144
\xyread@=\read1
\xywrite@=\write3
\csp@=\count111
\quotPTK@=\dimen145

utility macros; pictures: \xy, positions,
\swaptoks@@=\toks31
\connectobjectbox@@=\box32
 objects,
\styletoks@=\toks32
 decorations;
kernel objects: directionals, circles, text; options; algorithms: directions,
edges, connections;  Xy-pic loaded)
(/usr/local/texlive/2018/texmf-dist/tex/generic/oberdiek/ifpdf.sty
Package: ifpdf 2017/03/15 v3.2 Provides the ifpdf switch
)
Package: xy 2013/10/06 Xy-pic version 3.8.9

(/usr/local/texlive/2018/texmf-dist/tex/generic/xypic/xyall.tex
 Xy-pic option: All features v.3.8
(/usr/local/texlive/2018/texmf-dist/tex/generic/xypic/xycurve.tex
 Xy-pic option: Curve and Spline extension v.3.12 curve,
\crv@cnt@=\count112
\crvpts@=\toks33
\splinebox@=\box33
\splineval@=\dimen146
\splinedepth@=\dimen147
\splinetol@=\dimen148
\splinelength@=\dimen149
 circles,
\L@=\dimen150
 loaded)
(/usr/local/texlive/2018/texmf-dist/tex/generic/xypic/xyframe.tex
 Xy-pic option: Frame and Bracket extension v.3.14 loaded)
(/usr/local/texlive/2018/texmf-dist/tex/generic/xypic/xycmtip.tex
 Xy-pic option: Computer Modern tip extension v.3.7
(/usr/local/texlive/2018/texmf-dist/tex/generic/xypic/xytips.tex
 Xy-pic option: More Tips extension v.3.11 loaded) loaded)
(/usr/local/texlive/2018/texmf-dist/tex/generic/xypic/xyline.tex
 Xy-pic option: Line styles extension v.3.10
\xylinethick@=\dimen151
 loaded)
(/usr/local/texlive/2018/texmf-dist/tex/generic/xypic/xyrotate.tex
 Xy-pic option: Rotate and Scale extension v.3.8 loaded)
(/usr/local/texlive/2018/texmf-dist/tex/generic/xypic/xycolor.tex
 Xy-pic option: Colour extension v.3.11 loaded)
(/usr/local/texlive/2018/texmf-dist/tex/generic/xypic/xymatrix.tex
 Xy-pic option: Matrix feature v.3.14
\Row=\count113
\Col=\count114
\queue@=\toks34
\queue@@=\toks35
\qcount@=\count115
\qcount@@=\count116
\matrixsize@=\count117
 loaded)
(/usr/local/texlive/2018/texmf-dist/tex/generic/xypic/xyarrow.tex
 Xy-pic option: Arrow and Path feature v.3.9 path, \ar, loaded)
(/usr/local/texlive/2018/texmf-dist/tex/generic/xypic/xygraph.tex
 Xy-pic option: Graph feature v.3.11 loaded) loaded)
(/usr/local/texlive/2018/texmf-dist/tex/generic/xypic/xypdf.tex
 Xy-pic option: PDF driver v.1.7 Xy-pic pdf driver: `color' extension support
(/usr/local/texlive/2018/texmf-dist/tex/generic/xypic/xypdf-co.tex loaded)
Xy-pic pdf driver: `curve' extension support
(/usr/local/texlive/2018/texmf-dist/tex/generic/xypic/xypdf-cu.tex loaded)
Xy-pic pdf driver: `frame' extension support
(/usr/local/texlive/2018/texmf-dist/tex/generic/xypic/xypdf-fr.tex loaded)
Xy-pic pdf driver: `line' extension support
(/usr/local/texlive/2018/texmf-dist/tex/generic/xypic/xypdf-li.tex loaded)
Xy-pic pdf driver: `rotate' extension support
(/usr/local/texlive/2018/texmf-dist/tex/generic/xypic/xypdf-ro.tex loaded)
loaded)) (/usr/local/texlive/2018/texmf-dist/tex/latex/tools/verbatim.sty
Package: verbatim 2014/10/28 v1.5q LaTeX2e package for verbatim enhancements
\every@verbatim=\toks36
\verbatim@line=\toks37
\verbatim@in@stream=\read2
)
(/usr/local/texlive/2018/texmf-dist/tex/latex/geometry/geometry.sty
Package: geometry 2018/03/24 v5.7 Page Geometry

(/usr/local/texlive/2018/texmf-dist/tex/generic/oberdiek/ifvtex.sty
Package: ifvtex 2016/05/16 v1.6 Detect VTeX and its facilities (HO)
Package ifvtex Info: VTeX not detected.
)
(/usr/local/texlive/2018/texmf-dist/tex/generic/ifxetex/ifxetex.sty
Package: ifxetex 2010/09/12 v0.6 Provides ifxetex conditional
)
\Gm@cnth=\count118
\Gm@cntv=\count119
\c@Gm@tempcnt=\count120
\Gm@bindingoffset=\dimen152
\Gm@wd@mp=\dimen153
\Gm@odd@mp=\dimen154
\Gm@even@mp=\dimen155
\Gm@layoutwidth=\dimen156
\Gm@layoutheight=\dimen157
\Gm@layouthoffset=\dimen158
\Gm@layoutvoffset=\dimen159
\Gm@dimlist=\toks38
)
(/usr/local/texlive/2018/texmf-dist/tex/latex/float/float.sty
Package: float 2001/11/08 v1.3d Float enhancements (AL)
\c@float@type=\count121
\float@exts=\toks39
\float@box=\box34
\@float@everytoks=\toks40
\@floatcapt=\box35
)
(/usr/local/texlive/2018/texmf-dist/tex/latex/algorithm2e/algorithm2e.sty
Package: algorithm2e 2017/07/18 v5.2 algorithms environments
\c@AlgoLine=\count122

(/usr/local/texlive/2018/texmf-dist/tex/latex/base/ifthen.sty
Package: ifthen 2014/09/29 v1.1c Standard LaTeX ifthen package (DPC)
)
\algocf@hangindent=\skip49

(/usr/local/texlive/2018/texmf-dist/tex/latex/ifoddpage/ifoddpage.sty
Package: ifoddpage 2016/04/23 v1.1 Conditionals for odd/even page detection
\c@checkoddpage=\count123
)
(/usr/local/texlive/2018/texmf-dist/tex/latex/tools/xspace.sty
Package: xspace 2014/10/28 v1.13 Space after command names (DPC,MH)
)
(/usr/local/texlive/2018/texmf-dist/tex/latex/relsize/relsize.sty
Package: relsize 2013/03/29 ver 4.1
)
\skiptotal=\skip50
\skiplinenumber=\skip51
\skiprule=\skip52
\skiphlne=\skip53
\skiptext=\skip54
\skiplength=\skip55
\algomargin=\skip56
\skipalgocfslide=\skip57
\algowidth=\dimen160
\inoutsize=\dimen161
\inoutindent=\dimen162
\interspacetitleruled=\dimen163
\interspacealgoruled=\dimen164
\interspacetitleboxruled=\dimen165
\algocf@ruledwidth=\skip58
\algocf@inoutbox=\box36
\algocf@inputbox=\box37
\AlCapSkip=\skip59
\AlCapHSkip=\skip60
\algoskipindent=\skip61
\algocf@nlbox=\box38
\algocf@hangingbox=\box39
\algocf@untilbox=\box40
\algocf@skipuntil=\skip62
\algocf@capbox=\box41
\algocf@lcaptionbox=\skip63
\algoheightruledefault=\skip64
\algoheightrule=\skip65
\algotitleheightruledefault=\skip66
\algotitleheightrule=\skip67
\c@algocfline=\count124
\c@algocfproc=\count125
\c@algocf=\count126
\algocf@algoframe=\box42
\algocf@algobox=\box43
)
\c@theorem=\count127

(/usr/local/texlive/2018/texmf-dist/tex/latex/graphics/color.sty
Package: color 2016/07/10 v1.1e Standard LaTeX Color (DPC)

(/usr/local/texlive/2018/texmf-dist/tex/latex/graphics-cfg/color.cfg
File: color.cfg 2016/01/02 v1.6 sample color configuration
)
Package color Info: Driver file: pdftex.def on input line 147.
)
(/usr/local/texlive/2018/texmf-dist/tex/latex/listings/lstlang1.sty
File: lstlang1.sty 2015/06/04 1.6 listings language file
)
(/usr/local/texlive/2018/texmf-dist/tex/generic/babel/babel.sty
Package: babel 2018/02/14 3.18 The Babel package

(/usr/local/texlive/2018/texmf-dist/tex/generic/babel/switch.def
File: switch.def 2018/02/14 3.18 Babel switching mechanism
)
(/usr/local/texlive/2018/texmf-dist/tex/generic/babel-english/english.ldf
Language: english 2017/06/06 v3.3r English support from the babel system

(/usr/local/texlive/2018/texmf-dist/tex/generic/babel/babel.def
File: babel.def 2018/02/14 3.18 Babel common definitions
\babel@savecnt=\count128
\U@D=\dimen166

(/usr/local/texlive/2018/texmf-dist/tex/generic/babel/txtbabel.def)
\bbl@dirlevel=\count129
)
\l@canadian = a dialect from \language\l@american 
\l@australian = a dialect from \language\l@british 
\l@newzealand = a dialect from \language\l@british 
))
(./paper_draft1.aux

LaTeX Warning: Label `Fig:small1' multiply defined.


LaTeX Warning: Label `Fig:small2' multiply defined.


LaTeX Warning: Label `Fig:small1' multiply defined.


LaTeX Warning: Label `Fig:small2' multiply defined.


LaTeX Warning: Label `Fig:small1' multiply defined.


LaTeX Warning: Label `Fig:small2' multiply defined.


LaTeX Warning: Label `Fig:small1' multiply defined.


LaTeX Warning: Label `Fig:small2' multiply defined.

)
\openout1 = `paper_draft1.aux'.

LaTeX Font Info:    Checking defaults for OML/cmm/m/it on input line 66.
LaTeX Font Info:    ... okay on input line 66.
LaTeX Font Info:    Checking defaults for T1/cmr/m/n on input line 66.
LaTeX Font Info:    ... okay on input line 66.
LaTeX Font Info:    Checking defaults for OT1/cmr/m/n on input line 66.
LaTeX Font Info:    ... okay on input line 66.
LaTeX Font Info:    Checking defaults for OMS/cmsy/m/n on input line 66.
LaTeX Font Info:    ... okay on input line 66.
LaTeX Font Info:    Checking defaults for OMX/cmex/m/n on input line 66.
LaTeX Font Info:    ... okay on input line 66.
LaTeX Font Info:    Checking defaults for U/cmr/m/n on input line 66.
LaTeX Font Info:    ... okay on input line 66.
LaTeX Font Info:    Checking defaults for TS1/cmr/m/n on input line 66.
LaTeX Font Info:    Try loading font information for TS1+cmr on input line 66.
 (/usr/local/texlive/2018/texmf-dist/tex/latex/base/ts1cmr.fd
File: ts1cmr.fd 2014/09/29 v2.5h Standard LaTeX font definitions
)
LaTeX Font Info:    ... okay on input line 66.

(/usr/local/texlive/2018/texmf-dist/tex/context/base/mkii/supp-pdf.mkii
[Loading MPS to PDF converter (version 2006.09.02).]
\scratchcounter=\count130
\scratchdimen=\dimen167
\scratchbox=\box44
\nofMPsegments=\count131
\nofMParguments=\count132
\everyMPshowfont=\toks41
\MPscratchCnt=\count133
\MPscratchDim=\dimen168
\MPnumerator=\count134
\makeMPintoPDFobject=\count135
\everyMPtoPDFconversion=\toks42
) (/usr/local/texlive/2018/texmf-dist/tex/latex/oberdiek/epstopdf-base.sty
Package: epstopdf-base 2016/05/15 v2.6 Base part for package epstopdf

(/usr/local/texlive/2018/texmf-dist/tex/generic/oberdiek/infwarerr.sty
Package: infwarerr 2016/05/16 v1.4 Providing info/warning/error messages (HO)
)
(/usr/local/texlive/2018/texmf-dist/tex/latex/oberdiek/grfext.sty
Package: grfext 2016/05/16 v1.2 Manage graphics extensions (HO)

(/usr/local/texlive/2018/texmf-dist/tex/generic/oberdiek/kvdefinekeys.sty
Package: kvdefinekeys 2016/05/16 v1.4 Define keys (HO)

(/usr/local/texlive/2018/texmf-dist/tex/generic/oberdiek/ltxcmds.sty
Package: ltxcmds 2016/05/16 v1.23 LaTeX kernel commands for general use (HO)
)))
(/usr/local/texlive/2018/texmf-dist/tex/latex/oberdiek/kvoptions.sty
Package: kvoptions 2016/05/16 v3.12 Key value format for package options (HO)

(/usr/local/texlive/2018/texmf-dist/tex/generic/oberdiek/kvsetkeys.sty
Package: kvsetkeys 2016/05/16 v1.17 Key value parser (HO)

(/usr/local/texlive/2018/texmf-dist/tex/generic/oberdiek/etexcmds.sty
Package: etexcmds 2016/05/16 v1.6 Avoid name clashes with e-TeX commands (HO)

(/usr/local/texlive/2018/texmf-dist/tex/generic/oberdiek/ifluatex.sty
Package: ifluatex 2016/05/16 v1.4 Provides the ifluatex switch (HO)
Package ifluatex Info: LuaTeX not detected.
)
Package etexcmds Info: Could not find \expanded.
(etexcmds)             That can mean that you are not using pdfTeX 1.50 or
(etexcmds)             that some package has redefined \expanded.
(etexcmds)             In the latter case, load this package earlier.
)))
(/usr/local/texlive/2018/texmf-dist/tex/generic/oberdiek/pdftexcmds.sty
Package: pdftexcmds 2018/01/30 v0.27 Utility functions of pdfTeX for LuaTeX (HO
)
Package pdftexcmds Info: LuaTeX not detected.
Package pdftexcmds Info: \pdf@primitive is available.
Package pdftexcmds Info: \pdf@ifprimitive is available.
Package pdftexcmds Info: \pdfdraftmode found.
)
Package epstopdf-base Info: Redefining graphics rule for `.eps' on input line 4
38.
Package grfext Info: Graphics extension search list:
(grfext)             [.pdf,.png,.jpg,.mps,.jpeg,.jbig2,.jb2,.PDF,.PNG,.JPG,.JPE
G,.JBIG2,.JB2,.eps]
(grfext)             \AppendGraphicsExtensions on input line 456.

(/usr/local/texlive/2018/texmf-dist/tex/latex/latexconfig/epstopdf-sys.cfg
File: epstopdf-sys.cfg 2010/07/13 v1.3 Configuration of (r)epstopdf for TeX Liv
e
))
\c@lstlisting=\count136
LaTeX Font Info:    Try loading font information for U+msa on input line 66.

(/usr/local/texlive/2018/texmf-dist/tex/latex/amsfonts/umsa.fd
File: umsa.fd 2013/01/14 v3.01 AMS symbols A
)
LaTeX Font Info:    Try loading font information for U+msb on input line 66.

(/usr/local/texlive/2018/texmf-dist/tex/latex/amsfonts/umsb.fd
File: umsb.fd 2013/01/14 v3.01 AMS symbols B
)
LaTeX Font Info:    Try loading font information for U+rsfs on input line 66.

(/usr/local/texlive/2018/texmf-dist/tex/latex/jknapltx/ursfs.fd
File: ursfs.fd 1998/03/24 rsfs font definition file (jk)
)
Package xypdf Info: Line width: 0.47998pt on input line 66.

*geometry* driver: auto-detecting
*geometry* detected driver: pdftex
*geometry* verbose mode - [ preamble ] result:
* driver: pdftex
* paper: a4paper
* layout: <same size as paper>
* layoutoffset:(h,v)=(0.0pt,0.0pt)
* modes: 
* h-part:(L,W,R)=(56.9055pt, 483.69687pt, 56.9055pt)
* v-part:(T,H,B)=(85.35826pt, 688.5567pt, 71.13188pt)
* \paperwidth=597.50787pt
* \paperheight=845.04684pt
* \textwidth=483.69687pt
* \textheight=688.5567pt
* \oddsidemargin=-15.36449pt
* \evensidemargin=-15.36449pt
* \topmargin=-23.91173pt
* \headheight=12.0pt
* \headsep=25.0pt
* \topskip=12.0pt
* \footskip=30.0pt
* \marginparwidth=35.0pt
* \marginparsep=10.0pt
* \columnsep=10.0pt
* \skip\footins=10.8pt plus 4.0pt minus 2.0pt
* \hoffset=0.0pt
* \voffset=0.0pt
* \mag=1000
* \@twocolumnfalse
* \@twosidefalse
* \@mparswitchfalse
* \@reversemarginfalse
* (1in=72.27pt=25.4mm, 1cm=28.453pt)

[1

{/usr/local/texlive/2018/texmf-var/fonts/map/pdftex/updmap/pdftex.map}]
Overfull \hbox (4.01749pt too wide) in paragraph at lines 99--99
[] \T1/cmr/bx/n/17.28 Evo-lu-tion-ary al-go-rithm ap-proaches to solve In-verse
 RNA
 []

[2]
<images/model.png, id=18, 906.38625pt x 556.0775pt>
File: images/model.png Graphic file (type png)
<use images/model.png>
Package pdftex.def Info: images/model.png  used on input line 111.
(pdftex.def)             Requested size: 435.32422pt x 267.07538pt.
 [3 <./images/model.png>] [4]
Underfull \hbox (badness 10000) in paragraph at lines 193--194

 []


Underfull \hbox (badness 10000) in paragraph at lines 195--196

 []

<images/mutation_example.png, id=32, 1022.82124pt x 615.29875pt>
File: images/mutation_example.png Graphic file (type png)
<use images/mutation_example.png>
Package pdftex.def Info: images/mutation_example.png  used on input line 229.
(pdftex.def)             Requested size: 435.32422pt x 261.87874pt.

Underfull \hbox (badness 10000) in paragraph at lines 226--232

 []

[5] [6 <./images/mutation_example.png>] [7]
Package epstopdf Info: Source file: <images/stat1-65.eps>
(epstopdf)                    date: 2019-07-22 10:36:20
(epstopdf)                    size: 33597 bytes
(epstopdf)             Output file: <images/stat1-65-eps-converted-to.pdf>
(epstopdf)                    date: 2019-07-22 12:40:49
(epstopdf)                    size: 24235 bytes
(epstopdf)             Command: <repstopdf --outfile=images/stat1-65-eps-conver
ted-to.pdf images/stat1-65.eps>
(epstopdf)             \includegraphics on input line 321.
Package epstopdf Info: Output file is already uptodate.
<images/stat1-65-eps-converted-to.pdf, id=51, 462.72874pt x 346.29375pt>
File: images/stat1-65-eps-converted-to.pdf Graphic file (type pdf)
<use images/stat1-65-eps-converted-to.pdf>
Package pdftex.def Info: images/stat1-65-eps-converted-to.pdf  used on input li
ne 321.
(pdftex.def)             Requested size: 261.19719pt x 195.47667pt.
Package epstopdf Info: Source file: <images/stat4-65.eps>
(epstopdf)                    date: 2019-07-22 10:36:20
(epstopdf)                    size: 27779 bytes
(epstopdf)             Output file: <images/stat4-65-eps-converted-to.pdf>
(epstopdf)                    date: 2019-07-22 12:40:50
(epstopdf)                    size: 19946 bytes
(epstopdf)             Command: <repstopdf --outfile=images/stat4-65-eps-conver
ted-to.pdf images/stat4-65.eps>
(epstopdf)             \includegraphics on input line 327.
Package epstopdf Info: Output file is already uptodate.
<images/stat4-65-eps-converted-to.pdf, id=52, 462.72874pt x 346.29375pt>
File: images/stat4-65-eps-converted-to.pdf Graphic file (type pdf)
<use images/stat4-65-eps-converted-to.pdf>
Package pdftex.def Info: images/stat4-65-eps-converted-to.pdf  used on input li
ne 327.
(pdftex.def)             Requested size: 261.19719pt x 195.47667pt.

Overfull \hbox (65.21254pt too wide) in paragraph at lines 317--329
[]  $[]$ $[]$ 
 []

Package epstopdf Info: Source file: <images/stat3-65.eps>
(epstopdf)                    date: 2019-07-22 10:36:20
(epstopdf)                    size: 27921 bytes
(epstopdf)             Output file: <images/stat3-65-eps-converted-to.pdf>
(epstopdf)                    date: 2019-07-22 12:40:50
(epstopdf)                    size: 20020 bytes
(epstopdf)             Command: <repstopdf --outfile=images/stat3-65-eps-conver
ted-to.pdf images/stat3-65.eps>
(epstopdf)             \includegraphics on input line 334.
Package epstopdf Info: Output file is already uptodate.
<images/stat3-65-eps-converted-to.pdf, id=53, 462.72874pt x 346.29375pt>
File: images/stat3-65-eps-converted-to.pdf Graphic file (type pdf)
<use images/stat3-65-eps-converted-to.pdf>
Package pdftex.def Info: images/stat3-65-eps-converted-to.pdf  used on input li
ne 334.
(pdftex.def)             Requested size: 261.19719pt x 195.47667pt.
Package epstopdf Info: Source file: <images/stat2-65.eps>
(epstopdf)                    date: 2019-07-22 10:36:20
(epstopdf)                    size: 31366 bytes
(epstopdf)             Output file: <images/stat2-65-eps-converted-to.pdf>
(epstopdf)                    date: 2019-07-22 12:40:51
(epstopdf)                    size: 23013 bytes
(epstopdf)             Command: <repstopdf --outfile=images/stat2-65-eps-conver
ted-to.pdf images/stat2-65.eps>
(epstopdf)             \includegraphics on input line 340.
Package epstopdf Info: Output file is already uptodate.
<images/stat2-65-eps-converted-to.pdf, id=54, 462.72874pt x 346.29375pt>
File: images/stat2-65-eps-converted-to.pdf Graphic file (type pdf)
<use images/stat2-65-eps-converted-to.pdf>
Package pdftex.def Info: images/stat2-65-eps-converted-to.pdf  used on input li
ne 340.
(pdftex.def)             Requested size: 261.19719pt x 195.47667pt.

Overfull \hbox (65.21254pt too wide) in paragraph at lines 330--342
[]  $[]$ $[]$ 
 []

[8]
Package epstopdf Info: Source file: <images/41-2/1/stat1-48.eps>
(epstopdf)                    date: 2019-07-25 09:07:08
(epstopdf)                    size: 37633 bytes
(epstopdf)             Output file: <images/41-2/1/stat1-48-eps-converted-to.pd
f>
(epstopdf)                    date: 2019-07-25 11:52:30
(epstopdf)                    size: 43706 bytes
(epstopdf)             Command: <repstopdf --outfile=images/41-2/1/stat1-48-eps
-converted-to.pdf images/41-2/1/stat1-48.eps>
(epstopdf)             \includegraphics on input line 358.
Package epstopdf Info: Output file is already uptodate.
<images/41-2/1/stat1-48-eps-converted-to.pdf, id=58, 462.72874pt x 346.29375pt>

File: images/41-2/1/stat1-48-eps-converted-to.pdf Graphic file (type pdf)
<use images/41-2/1/stat1-48-eps-converted-to.pdf>
Package pdftex.def Info: images/41-2/1/stat1-48-eps-converted-to.pdf  used on i
nput line 358.
(pdftex.def)             Requested size: 261.19719pt x 195.47667pt.
Package epstopdf Info: Source file: <images/41-2/1/stat4-48.eps>
(epstopdf)                    date: 2019-07-25 09:07:10
(epstopdf)                    size: 32469 bytes
(epstopdf)             Output file: <images/41-2/1/stat4-48-eps-converted-to.pd
f>
(epstopdf)                    date: 2019-07-25 11:52:30
(epstopdf)                    size: 39719 bytes
(epstopdf)             Command: <repstopdf --outfile=images/41-2/1/stat4-48-eps
-converted-to.pdf images/41-2/1/stat4-48.eps>
(epstopdf)             \includegraphics on input line 364.
Package epstopdf Info: Output file is already uptodate.
<images/41-2/1/stat4-48-eps-converted-to.pdf, id=59, 462.72874pt x 346.29375pt>

File: images/41-2/1/stat4-48-eps-converted-to.pdf Graphic file (type pdf)
<use images/41-2/1/stat4-48-eps-converted-to.pdf>
Package pdftex.def Info: images/41-2/1/stat4-48-eps-converted-to.pdf  used on i
nput line 364.
(pdftex.def)             Requested size: 261.19719pt x 195.47667pt.

Overfull \hbox (65.21254pt too wide) in paragraph at lines 354--366
[]  $[]$ $[]$ 
 []

Package epstopdf Info: Source file: <images/41-2/2/stat1-48.eps>
(epstopdf)                    date: 2019-07-24 09:28:06
(epstopdf)                    size: 35619 bytes
(epstopdf)             Output file: <images/41-2/2/stat1-48-eps-converted-to.pd
f>
(epstopdf)                    date: 2019-07-25 11:57:06
(epstopdf)                    size: 37099 bytes
(epstopdf)             Command: <repstopdf --outfile=images/41-2/2/stat1-48-eps
-converted-to.pdf images/41-2/2/stat1-48.eps>
(epstopdf)             \includegraphics on input line 380.
Package epstopdf Info: Output file is already uptodate.
<images/41-2/2/stat1-48-eps-converted-to.pdf, id=60, 462.72874pt x 346.29375pt>

File: images/41-2/2/stat1-48-eps-converted-to.pdf Graphic file (type pdf)
<use images/41-2/2/stat1-48-eps-converted-to.pdf>
Package pdftex.def Info: images/41-2/2/stat1-48-eps-converted-to.pdf  used on i
nput line 380.
(pdftex.def)             Requested size: 261.19719pt x 195.47667pt.
Package epstopdf Info: Source file: <images/41-2/2/stat4-48.eps>
(epstopdf)                    date: 2019-07-24 09:28:06
(epstopdf)                    size: 32438 bytes
(epstopdf)             Output file: <images/41-2/2/stat4-48-eps-converted-to.pd
f>
(epstopdf)                    date: 2019-07-25 11:57:06
(epstopdf)                    size: 34267 bytes
(epstopdf)             Command: <repstopdf --outfile=images/41-2/2/stat4-48-eps
-converted-to.pdf images/41-2/2/stat4-48.eps>
(epstopdf)             \includegraphics on input line 386.
Package epstopdf Info: Output file is already uptodate.
<images/41-2/2/stat4-48-eps-converted-to.pdf, id=61, 462.72874pt x 346.29375pt>

File: images/41-2/2/stat4-48-eps-converted-to.pdf Graphic file (type pdf)
<use images/41-2/2/stat4-48-eps-converted-to.pdf>
Package pdftex.def Info: images/41-2/2/stat4-48-eps-converted-to.pdf  used on i
nput line 386.
(pdftex.def)             Requested size: 261.19719pt x 195.47667pt.

Overfull \hbox (65.21254pt too wide) in paragraph at lines 376--388
[]  $[]$ $[]$ 
 []

[9 <./images/stat1-65-eps-converted-to.pdf> <./images/stat4-65-eps-converted-to
.pdf> <./images/stat3-65-eps-converted-to.pdf> <./images/stat2-65-eps-converted
-to.pdf>] [10 <./images/41-2/1/stat1-48-eps-converted-to.pdf> <./images/41-2/1/
stat4-48-eps-converted-to.pdf> <./images/41-2/2/stat1-48-eps-converted-to.pdf> 
<./images/41-2/2/stat4-48-eps-converted-to.pdf>]
Package epstopdf Info: Source file: <images/stat1-48.eps>
(epstopdf)                    date: 2019-07-22 09:35:10
(epstopdf)                    size: 33904 bytes
(epstopdf)             Output file: <images/stat1-48-eps-converted-to.pdf>
(epstopdf)                    date: 2019-07-22 11:54:36
(epstopdf)                    size: 26432 bytes
(epstopdf)             Command: <repstopdf --outfile=images/stat1-48-eps-conver
ted-to.pdf images/stat1-48.eps>
(epstopdf)             \includegraphics on input line 435.
Package epstopdf Info: Output file is already uptodate.
<images/stat1-48-eps-converted-to.pdf, id=428, 462.72874pt x 346.29375pt>
File: images/stat1-48-eps-converted-to.pdf Graphic file (type pdf)
<use images/stat1-48-eps-converted-to.pdf>
Package pdftex.def Info: images/stat1-48-eps-converted-to.pdf  used on input li
ne 435.
(pdftex.def)             Requested size: 261.19719pt x 195.47667pt.
Package epstopdf Info: Source file: <images/stat4-48.eps>
(epstopdf)                    date: 2019-07-22 09:47:52
(epstopdf)                    size: 28604 bytes
(epstopdf)             Output file: <images/stat4-48-eps-converted-to.pdf>
(epstopdf)                    date: 2019-07-22 11:56:48
(epstopdf)                    size: 22265 bytes
(epstopdf)             Command: <repstopdf --outfile=images/stat4-48-eps-conver
ted-to.pdf images/stat4-48.eps>
(epstopdf)             \includegraphics on input line 441.
Package epstopdf Info: Output file is already uptodate.
<images/stat4-48-eps-converted-to.pdf, id=429, 462.72874pt x 346.29375pt>
File: images/stat4-48-eps-converted-to.pdf Graphic file (type pdf)
<use images/stat4-48-eps-converted-to.pdf>
Package pdftex.def Info: images/stat4-48-eps-converted-to.pdf  used on input li
ne 441.
(pdftex.def)             Requested size: 261.19719pt x 195.47667pt.

Overfull \hbox (65.21254pt too wide) in paragraph at lines 431--443
[]  $[]$ $[]$ 
 []

<images/data-17-ED/stat1-48.png, id=430, 462.528pt x 346.896pt>
File: images/data-17-ED/stat1-48.png Graphic file (type png)
<use images/data-17-ED/stat1-48.png>
Package pdftex.def Info: images/data-17-ED/stat1-48.png  used on input line 454
.
(pdftex.def)             Requested size: 261.19719pt x 195.90662pt.
<images/data-17-ED/stat4-48.png, id=431, 462.528pt x 346.896pt>
File: images/data-17-ED/stat4-48.png Graphic file (type png)
<use images/data-17-ED/stat4-48.png>
Package pdftex.def Info: images/data-17-ED/stat4-48.png  used on input line 460
.
(pdftex.def)             Requested size: 261.19719pt x 195.90662pt.

Overfull \hbox (65.21254pt too wide) in paragraph at lines 450--462
[]  $[]$ $[]$ 
 []

<images/data-17-MED/stat1-48.png, id=432, 462.528pt x 346.896pt>
File: images/data-17-MED/stat1-48.png Graphic file (type png)
<use images/data-17-MED/stat1-48.png>
Package pdftex.def Info: images/data-17-MED/stat1-48.png  used on input line 47
6.
(pdftex.def)             Requested size: 261.19719pt x 195.90662pt.
<images/data-17-MED/stat4-48.png, id=433, 462.528pt x 346.896pt>
File: images/data-17-MED/stat4-48.png Graphic file (type png)
<use images/data-17-MED/stat4-48.png>
Package pdftex.def Info: images/data-17-MED/stat4-48.png  used on input line 48
2.
(pdftex.def)             Requested size: 261.19719pt x 195.90662pt.

Overfull \hbox (65.21254pt too wide) in paragraph at lines 472--484
[]  $[]$ $[]$ 
 []

[11 <./images/stat1-48-eps-converted-to.pdf> <./images/stat4-48-eps-converted-t
o.pdf>] [12 <./images/data-17-ED/stat1-48.png> <./images/data-17-ED/stat4-48.pn
g> <./images/data-17-MED/stat1-48.png> <./images/data-17-MED/stat4-48.png>]
[13] [14]
Overfull \hbox (11.53587pt too wide) in paragraph at lines 625--625
[]\T1/cmr/m/n/12 RF00008| 
 []


Overfull \hbox (11.53587pt too wide) in paragraph at lines 627--627
[]\T1/cmr/m/n/12 RF00029| 
 []


Overfull \hbox (11.53587pt too wide) in paragraph at lines 629--629
[]\T1/cmr/m/n/12 RF00005| 
 []


Overfull \hbox (11.53587pt too wide) in paragraph at lines 631--631
[]\T1/cmr/m/n/12 RF00027| 
 []


Overfull \hbox (11.53587pt too wide) in paragraph at lines 633--633
[]\T1/cmr/m/n/12 RF00019| 
 []


Overfull \hbox (11.53587pt too wide) in paragraph at lines 635--635
[]\T1/cmr/m/n/12 RF00014| 
 []


Overfull \hbox (11.53587pt too wide) in paragraph at lines 637--637
[]\T1/cmr/m/n/12 RF00006| 
 []


Overfull \hbox (11.53587pt too wide) in paragraph at lines 639--639
[]\T1/cmr/m/n/12 RF00026| 
 []


Overfull \hbox (11.53587pt too wide) in paragraph at lines 641--641
[]\T1/cmr/m/n/12 RF00001| 
 []


Overfull \hbox (11.53587pt too wide) in paragraph at lines 643--643
[]\T1/cmr/m/n/12 RF00021| 
 []


Overfull \hbox (11.53587pt too wide) in paragraph at lines 645--645
[]\T1/cmr/m/n/12 RF00020| 
 []


Overfull \hbox (11.53587pt too wide) in paragraph at lines 647--647
[]\T1/cmr/m/n/12 RF00016| 
 []


Overfull \hbox (11.53587pt too wide) in paragraph at lines 649--649
[]\T1/cmr/m/n/12 RF00015| 
 []


Overfull \hbox (11.53587pt too wide) in paragraph at lines 651--651
[]\T1/cmr/m/n/12 RF00022| 
 []


Overfull \hbox (11.53587pt too wide) in paragraph at lines 653--653
[]\T1/cmr/m/n/12 RF00002| 
 []


Overfull \hbox (11.53587pt too wide) in paragraph at lines 655--655
[]\T1/cmr/m/n/12 RF00007| 
 []


Overfull \hbox (11.53587pt too wide) in paragraph at lines 657--657
[]\T1/cmr/m/n/12 RF00003| 
 []


Overfull \hbox (11.53587pt too wide) in paragraph at lines 659--659
[]\T1/cmr/m/n/12 RF00013| 
 []


Overfull \hbox (11.53587pt too wide) in paragraph at lines 661--661
[]\T1/cmr/m/n/12 RF00004| 
 []


Overfull \hbox (11.53587pt too wide) in paragraph at lines 663--663
[]\T1/cmr/m/n/12 RF00025| 
 []


Overfull \hbox (11.53587pt too wide) in paragraph at lines 665--665
[]\T1/cmr/m/n/12 RF00012| 
 []


Overfull \hbox (11.53587pt too wide) in paragraph at lines 667--667
[]\T1/cmr/m/n/12 RF00017| 
 []


Overfull \hbox (11.53587pt too wide) in paragraph at lines 669--669
[]\T1/cmr/m/n/12 RF00030| 
 []


Overfull \hbox (11.53587pt too wide) in paragraph at lines 671--671
[]\T1/cmr/m/n/12 RF00028| 
 []


Overfull \hbox (11.53587pt too wide) in paragraph at lines 673--673
[]\T1/cmr/m/n/12 RF00009| 
 []


Overfull \hbox (11.53587pt too wide) in paragraph at lines 675--675
[]\T1/cmr/m/n/12 RF00010| 
 []


Overfull \hbox (11.53587pt too wide) in paragraph at lines 677--677
[]\T1/cmr/m/n/12 RF00018| 
 []


Overfull \hbox (11.53587pt too wide) in paragraph at lines 679--679
[]\T1/cmr/m/n/12 RF00011| 
 []


Overfull \hbox (11.53587pt too wide) in paragraph at lines 681--681
[]\T1/cmr/m/n/12 RF00024| 
 []


Overfull \hbox (51.6581pt too wide) in paragraph at lines 618--686
[]  [] 
 []

[15] [16] [17] (./paper_draft1.bbl) [18] (./paper_draft1.aux)

LaTeX Warning: There were multiply-defined labels.

 ) 
Here is how much of TeX's memory you used:
 9472 strings out of 492649
 130311 string characters out of 6129621
 281336 words of memory out of 5000000
 13107 multiletter control sequences out of 15000+600000
 24632 words of font info for 69 fonts, out of 8000000 for 9000
 1141 hyphenation exceptions out of 8191
 41i,18n,40p,3244b,504s stack positions out of 5000i,500n,10000p,200000b,80000s
{/usr/local/texlive/2018/texmf-dist/fonts/enc/dvips/cm-super/cm-super-t1.enc}
{/usr/local/texlive/2018/texmf-dist/fonts/enc/dvips/cm-super/cm-super-ts1.enc}<
/usr/local/texlive/2018/texmf-dist/fonts/type1/public/amsfonts/cm/cmex10.pfb></
usr/local/texlive/2018/texmf-dist/fonts/type1/public/amsfonts/cm/cmmi10.pfb></u
sr/local/texlive/2018/texmf-dist/fonts/type1/public/amsfonts/cm/cmmi12.pfb></us
r/local/texlive/2018/texmf-dist/fonts/type1/public/amsfonts/cm/cmmi8.pfb></usr/
local/texlive/2018/texmf-dist/fonts/type1/public/amsfonts/cm/cmr10.pfb></usr/lo
cal/texlive/2018/texmf-dist/fonts/type1/public/amsfonts/cm/cmr12.pfb></usr/loca
l/texlive/2018/texmf-dist/fonts/type1/public/amsfonts/cm/cmr8.pfb></usr/local/t
exlive/2018/texmf-dist/fonts/type1/public/amsfonts/cm/cmsy10.pfb></usr/local/te
xlive/2018/texmf-dist/fonts/type1/public/amsfonts/cm/cmsy8.pfb></usr/local/texl
ive/2018/texmf-dist/fonts/type1/public/cm-super/sfbx0800.pfb></usr/local/texliv
e/2018/texmf-dist/fonts/type1/public/cm-super/sfbx1095.pfb></usr/local/texlive/
2018/texmf-dist/fonts/type1/public/cm-super/sfbx1200.pfb></usr/local/texlive/20
18/texmf-dist/fonts/type1/public/cm-super/sfbx1440.pfb></usr/local/texlive/2018
/texmf-dist/fonts/type1/public/cm-super/sfbx1728.pfb></usr/local/texlive/2018/t
exmf-dist/fonts/type1/public/cm-super/sfrm0800.pfb></usr/local/texlive/2018/tex
mf-dist/fonts/type1/public/cm-super/sfrm1095.pfb></usr/local/texlive/2018/texmf
-dist/fonts/type1/public/cm-super/sfrm1200.pfb></usr/local/texlive/2018/texmf-d
ist/fonts/type1/public/cm-super/sfti1095.pfb></usr/local/texlive/2018/texmf-dis
t/fonts/type1/public/cm-super/sfti1200.pfb>
Output written on paper_draft1.pdf (18 pages, 786232 bytes).
PDF statistics:
 623 PDF objects out of 1000 (max. 8388607)
 165 compressed objects within 2 object streams
 0 named destinations out of 1000 (max. 500000)
 81 words of extra memory for PDF output out of 10000 (max. 10000000)

